<?xml version="1.0" encoding="UTF-8"?>
<testsuite xmlns:xsi="http://www.w3.org/2001/XMLSchema-instance" xsi:noNamespaceSchemaLocation="https://maven.apache.org/surefire/maven-surefire-plugin/xsd/surefire-test-report-3.0.xsd" version="3.0" name="ReservacionPruebaUnitaria.ReservacionPruebaUnitaria" time="0.059" tests="6" errors="0" skipped="0" failures="0">
  <properties>
[...]
</properties>
  <testcase name="testRegistrarEmpresa" classname="ReservacionPruebaUnitaria.ReservacionPruebaUnitaria" time="0.023"/>
  <testcase name="testAsignarCalificacionYComentario" classname="ReservacionPruebaUnitaria.ReservacionPruebaUnitaria" time="0.002"/>
  <testcase name="testRegistrarEmpresaEnStandOcupado" classname="ReservacionPruebaUnitaria.ReservacionPruebaUnitaria" time="0.001"/>
  <testcase name="testPromedioCalificaciones" classname="ReservacionPruebaUnitaria.ReservacionPruebaUnitaria" time="0.003"/>
  <testcase name="testRegistrarVisitanteEnStandOcupado" classname="ReservacionPruebaUnitaria.ReservacionPruebaUnitaria" time="0.001"/>
  <testcase name="testRegistrarVisitanteEnStandVacio" classname="ReservacionPruebaUnitaria.ReservacionPruebaUnitaria" time="0.004">
    <system-out><![CDATA[No hay evento agendado a ese numero de stand
]]></system-out>
  </testcase>
</testsuite>